2025-03-22 20:40:46,551 - immich - INFO - Immich API initialized.
2025-03-22 20:40:53,812 - immich - ERROR - Main URL connection error. Check network connection.
2025-03-22 20:41:08,551 - immich - INFO - Immich API initialized.
2025-03-22 20:41:49,296 - immich - INFO - Immich API initialized.
2025-03-22 20:42:18,995 - immich - INFO - Immich API initialized.
2025-03-22 20:43:29,187 - immich - INFO - Immich API initialized.
2025-03-22 20:43:29,197 - immich - ERROR - Request failed. 404: {"message":"Cannot GET /api//api/albums","error":"Not Found","statusCode":404,"correlationId":"kj7p1p1i"}
2025-03-22 20:44:01,555 - immich - INFO - Immich API initialized.
2025-03-22 20:44:01,586 - immich - INFO - Request successful.
2025-03-22 20:46:19,815 - immich - INFO - Immich API initialized.
2025-03-22 20:46:19,852 - immich - INFO - Request successful.
2025-03-22 20:46:44,591 - immich - INFO - Immich API initialized.
2025-03-22 20:46:44,611 - immich - INFO - Request successful.
2025-03-22 20:46:44,645 - immich - INFO - Request successful.
2025-03-23 13:20:00,010 - immich - INFO - Immich API initialized.
2025-03-23 13:20:07,271 - immich - ERROR - Main URL connection error. Check network connection.
2025-03-23 13:21:37,075 - immich - INFO - Immich API initialized.
2025-03-23 13:22:22,390 - immich - INFO - Immich API initialized.
2025-03-23 13:22:22,512 - immich - INFO - Request successful.
2025-03-23 13:22:22,566 - immich - INFO - Request successful.
2025-03-23 13:23:02,737 - immich - INFO - Immich API initialized.
2025-03-23 13:23:02,775 - immich - INFO - Request successful.
2025-03-23 13:23:02,810 - immich - INFO - Request successful.
2025-03-23 13:23:30,541 - immich - INFO - Immich API initialized.
2025-03-23 13:23:30,561 - immich - INFO - Request successful.
2025-03-23 13:23:30,576 - immich - INFO - Request successful.
2025-03-23 13:23:43,124 - immich - INFO - Immich API initialized.
2025-03-23 13:23:43,156 - immich - INFO - Request successful.
2025-03-23 13:23:43,193 - immich - INFO - Request successful.
2025-03-23 13:23:43,354 - immich - INFO - Request successful.
2025-03-23 13:24:12,055 - immich - INFO - Immich API initialized.
2025-03-23 13:24:12,089 - immich - INFO - Request successful.
2025-03-23 13:24:12,120 - immich - INFO - Request successful.
2025-03-23 13:24:12,197 - immich - INFO - Request successful.
2025-03-23 13:29:13,418 - immich - INFO - Immich API initialized.
2025-03-23 13:29:13,518 - immich - INFO - Request successful.
2025-03-23 13:29:13,560 - immich - INFO - Request successful.
2025-03-23 13:29:13,636 - immich - INFO - Asset 204e4249-cf93-42af-8fca-50322772d066 downloaded succesfully.
2025-03-23 13:29:27,788 - immich - INFO - Immich API initialized.
2025-03-23 13:29:27,820 - immich - INFO - Request successful.
2025-03-23 13:29:27,853 - immich - INFO - Request successful.
2025-03-23 13:29:27,929 - immich - INFO - Asset 204e4249-cf93-42af-8fca-50322772d066 downloaded succesfully.
2025-03-23 13:29:48,866 - immich - INFO - Immich API initialized.
2025-03-23 13:29:48,896 - immich - INFO - Request successful.
2025-03-23 13:29:48,928 - immich - INFO - Request successful.
2025-03-23 13:29:49,002 - immich - INFO - Asset 204e4249-cf93-42af-8fca-50322772d066 downloaded succesfully.
2025-03-23 13:29:49,187 - immich - INFO - Asset 538e63ae-f58c-4b85-93c7-d3c9e9962986 downloaded succesfully.
2025-03-23 13:29:49,335 - immich - INFO - Asset f67ee8cd-96f2-4acb-8487-83103e3adfe8 downloaded succesfully.
